Nonterminals useless in grammar

   Exp


Terminals unused in grammar

   LP
   RP
   LB
   RB
   LC
   RC


Rules useless in grammar

    3 ExpList: Exp ExpList

    4 Exp: LP Exp RP
    5    | LB Exp RB
    6    | LC Exp RC


Grammar

    0 $accept: Program $end

    1 Program: ExpList

    2 ExpList: %empty


Terminals, with rules where they appear

$end (0) 0
error (256)
LP (258)
RP (259)
LB (260)
RB (261)
LC (262)
RC (263)


Nonterminals, with rules where they appear

$accept (9)
    on left: 0
Program (10)
    on left: 1, on right: 0
ExpList (11)
    on left: 2, on right: 1


State 0

    0 $accept: . Program $end

    $default  reduce using rule 2 (ExpList)

    Program  go to state 1
    ExpList  go to state 2


State 1

    0 $accept: Program . $end

    $end  shift, and go to state 3


State 2

    1 Program: ExpList .

    $default  reduce using rule 1 (Program)


State 3

    0 $accept: Program $end .

    $default  accept
